project/platforms/android/app/build/outputs/logs/manifest-merger-debug-report.txt
-- Merging decision tree log ---
manifest
ADDED from src/main/AndroidManifest.xml:2:1-74:12
INJECTED from src/main/AndroidManifest.xml:2:1-74:12
INJECTED from src/main/AndroidManifest.xml:2:1-74:12
INJECTED from src/main/AndroidManifest.xml:2:1-74:12
MERGED from [org.weex.plugin:imagepicker:0.0.3] AndroidManifest.xml:2:1-11:12
MERGED from [com.instapp.nat:weex-plugin-camera:1.0.2] AndroidManifest.xml:2:1-11:12
MERGED from [com.instapp.nat:weex-plugin-transfer:1.0.0-alpha] AndroidManifest.xml:2:1-11:12
MERGED from [com.instapp.nat:weex-plugin-device-info:1.0.0-alpha] AndroidManifest.xml:2:1-11:12
MERGED from [com.instapp.nat:weex-plugin-device-battery:1.0.0-alpha] AndroidManifest.xml:2:1-11:12
MERGED from [com.instapp.nat:weex-plugin-modal:1.0.1-alpha] AndroidManifest.xml:2:1-11:12
MERGED from [com.taobao.android:weex_sdk:0.18.0] AndroidManifest.xml:20:1-37:12
MERGED from [io.github.lizhangqu:coreprogress:1.0.2] AndroidManifest.xml:2:1-12:12
MERGED from [com.instapp.nat:transfer:2.0.0] AndroidManifest.xml:2:1-21:12
MERGED from [com.instapp.nat:modal:2.0.0] AndroidManifest.xml:2:1-17:12
MERGED from [com.yanzhenjie:album:2.0.2] AndroidManifest.xml:17:1-63:12
MERGED from [com.android.support:design:26.1.0] AndroidManifest.xml:17:1-31:12
MERGED from [com.journeyapps:zxing-android-embedded:3.4.0] AndroidManifest.xml:17:1-55:12
MERGED from [com.android.support:transition:26.1.0] AndroidManifest.xml:17:1-28:12
MERGED from [com.taobao.android:weex_inspector:0.13.5-multicontext] AndroidManifest.xml:2:1-22:12
MERGED from [com.instapp.nat:camera:2.0.0] AndroidManifest.xml:2:1-21:12
MERGED from [com.instapp.nat:permission:2.0.1] AndroidManifest.xml:2:1-17:12
MERGED from [com.instapp.nat:device-info:2.0.1] AndroidManifest.xml:2:1-17:12
MERGED from [com.instapp.nat:device-battery:2.0.0] AndroidManifest.xml:2:1-17:12
MERGED from [com.yanzhenjie:fragment:1.0.1] AndroidManifest.xml:2:1-10:12
MERGED from [com.github.LuckSiege.PictureSelector:picture_library:v2.1.7] AndroidManifest.xml:2:1-70:12
MERGED from [com.github.LuckSiege.PictureSelector:ucrop:v2.1.7] AndroidManifest.xml:2:1-12:12
MERGED from [com.android.support:appcompat-v7:26.1.0] AndroidManifest.xml:17:1-31:12
MERGED from [com.android.support:support-v4:26.1.0] AndroidManifest.xml:17:1-31:12
MERGED from [com.android.support:cardview-v7:26.1.0] AndroidManifest.xml:17:1-28:12
MERGED from [com.android.support:animated-vector-drawable:26.1.0] AndroidManifest.xml:17:1-28:12
MERGED from [com.android.support:support-vector-drawable:26.1.0] AndroidManifest.xml:17:1-28:12
MERGED from [com.android.support:support-fragment:26.1.0] AndroidManifest.xml:17:1-31:12
MERGED from [com.android.support:recyclerview-v7:26.1.0] AndroidManifest.xml:17:1-28:12
MERGED from [com.android.support:support-core-ui:26.1.0] AndroidManifest.xml:17:1-31:12
MERGED from [com.android.support:support-media-compat:26.1.0] AndroidManifest.xml:17:1-31:12
MERGED from [com.android.support:support-core-utils:26.1.0] AndroidManifest.xml:17:1-31:12
MERGED from [com.android.support:support-compat:26.1.0] AndroidManifest.xml:17:1-31:12
MERGED from [com.taobao.android:weexplugin-loader:1.3] AndroidManifest.xml:2:1-15:12
MERGED from [com.yanzhenjie:mediascanner:1.0.3] AndroidManifest.xml:17:1-25:12
MERGED from [com.yanzhenjie:loading:1.0.2] AndroidManifest.xml:17:1-25:12
MERGED from [com.yanzhenjie:statusview:1.0.3] AndroidManifest.xml:17:1-25:12
MERGED from [android.arch.lifecycle:runtime:1.0.0] AndroidManifest.xml:17:1-30:12
MERGED from [io.reactivex.rxjava2:rxandroid:2.0.1] AndroidManifest.xml:15:1-21:12
INJECTED from src/main/AndroidManifest.xml:2:1-74:12
INJECTED from src/main/AndroidManifest.xml:2:1-74:12
INJECTED from src/main/AndroidManifest.xml:2:1-74:12
	package
		ADDED from src/main/AndroidManifest.xml:4:11-33
		INJECTED from src/main/AndroidManifest.xml
		INJECTED from src/main/AndroidManifest.xml
	android:versionName
		INJECTED from src/main/AndroidManifest.xml
		ADDED from src/main/AndroidManifest.xml:2:1-74:12
		INJECTED from src/main/AndroidManifest.xml
	xmlns:tools
		ADDED from src/main/AndroidManifest.xml:3:11-57
	android:versionCode
		INJECTED from src/main/AndroidManifest.xml
		ADDED from src/main/AndroidManifest.xml:2:1-74:12
		INJECTED from src/main/AndroidManifest.xml
	xmlns:android
		ADDED from src/main/AndroidManifest.xml:2:11-69
uses-permission#android.permission.INTERNET
ADDED from src/main/AndroidManifest.xml:6:5-66
MERGED from [com.instapp.nat:transfer:2.0.0] AndroidManifest.xml:11:5-67
MERGED from [com.instapp.nat:transfer:2.0.0] AndroidManifest.xml:11:5-67
MERGED from [com.github.LuckSiege.PictureSelector:picture_library:v2.1.7] AndroidManifest.xml:15:5-67
MERGED from [com.github.LuckSiege.PictureSelector:picture_library:v2.1.7] AndroidManifest.xml:15:5-67
	android:name
		ADDED from src/main/AndroidManifest.xml:6:22-64
uses-permission#android.permission.WRITE_EXTERNAL_STORAGE
ADDED from src/main/AndroidManifest.xml:7:5-80
MERGED from [com.instapp.nat:transfer:2.0.0] AndroidManifest.xml:12:5-81
MERGED from [com.instapp.nat:transfer:2.0.0] AndroidManifest.xml:12:5-81
MERGED from [com.yanzhenjie:album:2.0.2] AndroidManifest.xml:26:5-81
MERGED from [com.yanzhenjie:album:2.0.2] AndroidManifest.xml:26:5-81
MERGED from [com.instapp.nat:camera:2.0.0] AndroidManifest.xml:12:5-81
MERGED from [com.instapp.nat:camera:2.0.0] AndroidManifest.xml:12:5-81
MERGED from [com.github.LuckSiege.PictureSelector:picture_library:v2.1.7] AndroidManifest.xml:12:5-81
MERGED from [com.github.LuckSiege.PictureSelector:picture_library:v2.1.7] AndroidManifest.xml:12:5-81
	android:name
		ADDED from src/main/AndroidManifest.xml:7:22-78
uses-permission#android.permission.READ_EXTERNAL_STORAGE
ADDED from src/main/AndroidManifest.xml:8:5-79
MERGED from [com.instapp.nat:transfer:2.0.0] AndroidManifest.xml:13:5-80
MERGED from [com.instapp.nat:transfer:2.0.0] AndroidManifest.xml:13:5-80
MERGED from [com.yanzhenjie:album:2.0.2] AndroidManifest.xml:25:5-80
MERGED from [com.yanzhenjie:album:2.0.2] AndroidManifest.xml:25:5-80
MERGED from [com.instapp.nat:camera:2.0.0] AndroidManifest.xml:13:5-80
MERGED from [com.instapp.nat:camera:2.0.0] AndroidManifest.xml:13:5-80
MERGED from [com.github.LuckSiege.PictureSelector:picture_library:v2.1.7] AndroidManifest.xml:11:5-80
MERGED from [com.github.LuckSiege.PictureSelector:picture_library:v2.1.7] AndroidManifest.xml:11:5-80
	android:name
		ADDED from src/main/AndroidManifest.xml:8:22-77
uses-permission#android.permission.CAMERA
ADDED from src/main/AndroidManifest.xml:9:5-64
MERGED from [com.yanzhenjie:album:2.0.2] AndroidManifest.xml:24:5-65
MERGED from [com.yanzhenjie:album:2.0.2] AndroidManifest.xml:24:5-65
MERGED from [com.journeyapps:zxing-android-embedded:3.4.0] AndroidManifest.xml:21:5-65
MERGED from [com.journeyapps:zxing-android-embedded:3.4.0] AndroidManifest.xml:21:5-65
MERGED from [com.instapp.nat:camera:2.0.0] AndroidManifest.xml:11:5-65
MERGED from [com.instapp.nat:camera:2.0.0] AndroidManifest.xml:11:5-65
MERGED from [com.github.LuckSiege.PictureSelector:picture_library:v2.1.7] AndroidManifest.xml:13:5-65
MERGED from [com.github.LuckSiege.PictureSelector:picture_library:v2.1.7] AndroidManifest.xml:13:5-65
	android:name
		ADDED from src/main/AndroidManifest.xml:9:22-62
uses-permission#com.android.launcher.permission.INSTALL_SHORTCUT
ADDED from src/main/AndroidManifest.xml:10:5-87
	android:name
		ADDED from src/main/AndroidManifest.xml:10:22-85
uses-feature#android.hardware.camera
ADDED from src/main/AndroidManifest.xml:13:5-59
MERGED from [com.journeyapps:zxing-android-embedded:3.4.0] AndroidManifest.xml:24:5-26:36
MERGED from [com.journeyapps:zxing-android-embedded:3.4.0] AndroidManifest.xml:24:5-26:36
	android:name
		ADDED from src/main/AndroidManifest.xml:13:19-57
uses-feature#android.hardware.camera.autofocus
ADDED from src/main/AndroidManifest.xml:14:5-69
MERGED from [com.journeyapps:zxing-android-embedded:3.4.0] AndroidManifest.xml:32:5-34:36
MERGED from [com.journeyapps:zxing-android-embedded:3.4.0] AndroidManifest.xml:32:5-34:36
	android:name
		ADDED from src/main/AndroidManifest.xml:14:19-67
application
ADDED from src/main/AndroidManifest.xml:16:5-72:19
MERGED from [com.taobao.android:weex_sdk:0.18.0] AndroidManifest.xml:29:5-35:19
MERGED from [com.taobao.android:weex_sdk:0.18.0] AndroidManifest.xml:29:5-35:19
MERGED from [io.github.lizhangqu:coreprogress:1.0.2] AndroidManifest.xml:9:5-10:19
MERGED from [io.github.lizhangqu:coreprogress:1.0.2] AndroidManifest.xml:9:5-10:19
MERGED from [com.instapp.nat:transfer:2.0.0] AndroidManifest.xml:15:5-19:19
MERGED from [com.instapp.nat:transfer:2.0.0] AndroidManifest.xml:15:5-19:19
MERGED from [com.instapp.nat:modal:2.0.0] AndroidManifest.xml:11:5-15:19
MERGED from [com.instapp.nat:modal:2.0.0] AndroidManifest.xml:11:5-15:19
MERGED from [com.yanzhenjie:album:2.0.2] AndroidManifest.xml:29:5-61:19
MERGED from [com.yanzhenjie:album:2.0.2] AndroidManifest.xml:29:5-61:19
MERGED from [com.android.support:design:26.1.0] AndroidManifest.xml:25:5-29:19
MERGED from [com.android.support:design:26.1.0] AndroidManifest.xml:25:5-29:19
MERGED from [com.journeyapps:zxing-android-embedded:3.4.0] AndroidManifest.xml:45:5-53:19
MERGED from [com.journeyapps:zxing-android-embedded:3.4.0] AndroidManifest.xml:45:5-53:19
MERGED from [com.android.support:transition:26.1.0] AndroidManifest.xml:22:5-26:19
MERGED from [com.android.support:transition:26.1.0] AndroidManifest.xml:22:5-26:19
MERGED from [com.taobao.android:weex_inspector:0.13.5-multicontext] AndroidManifest.xml:13:5-20:19
MERGED from [com.taobao.android:weex_inspector:0.13.5-multicontext] AndroidManifest.xml:13:5-20:19
MERGED from [com.instapp.nat:camera:2.0.0] AndroidManifest.xml:15:5-19:19
MERGED from [com.instapp.nat:camera:2.0.0] AndroidManifest.xml:15:5-19:19
MERGED from [com.instapp.nat:permission:2.0.1] AndroidManifest.xml:11:5-15:19
MERGED from [com.instapp.nat:permission:2.0.1] AndroidManifest.xml:11:5-15:19
MERGED from [com.instapp.nat:device-info:2.0.1] AndroidManifest.xml:11:5-15:19
MERGED from [com.instapp.nat:device-info:2.0.1] AndroidManifest.xml:11:5-15:19
MERGED from [com.instapp.nat:device-battery:2.0.0] AndroidManifest.xml:11:5-15:19
MERGED from [com.instapp.nat:device-battery:2.0.0] AndroidManifest.xml:11:5-15:19
MERGED from [com.github.LuckSiege.PictureSelector:picture_library:v2.1.7] AndroidManifest.xml:22:5-68:19
MERGED from [com.github.LuckSiege.PictureSelector:picture_library:v2.1.7] AndroidManifest.xml:22:5-68:19
MERGED from [com.android.support:appcompat-v7:26.1.0] AndroidManifest.xml:25:5-29:19
MERGED from [com.android.support:appcompat-v7:26.1.0] AndroidManifest.xml:25:5-29:19
MERGED from [com.android.support:support-v4:26.1.0] AndroidManifest.xml:25:5-29:19
MERGED from [com.android.support:support-v4:26.1.0] AndroidManifest.xml:25:5-29:19
MERGED from [com.android.support:cardview-v7:26.1.0] AndroidManifest.xml:22:5-26:19
MERGED from [com.android.support:cardview-v7:26.1.0] AndroidManifest.xml:22:5-26:19
MERGED from [com.android.support:animated-vector-drawable:26.1.0] AndroidManifest.xml:22:5-26:19
MERGED from [com.android.support:animated-vector-drawable:26.1.0] AndroidManifest.xml:22:5-26:19
MERGED from [com.android.support:support-vector-drawable:26.1.0] AndroidManifest.xml:22:5-26:19
MERGED from [com.android.support:support-vector-drawable:26.1.0] AndroidManifest.xml:22:5-26:19
MERGED from [com.android.support:support-fragment:26.1.0] AndroidManifest.xml:25:5-29:19
MERGED from [com.android.support:support-fragment:26.1.0] AndroidManifest.xml:25:5-29:19
MERGED from [com.android.support:recyclerview-v7:26.1.0] AndroidManifest.xml:22:5-26:19
MERGED from [com.android.support:recyclerview-v7:26.1.0] AndroidManifest.xml:22:5-26:19
MERGED from [com.android.support:support-core-ui:26.1.0] AndroidManifest.xml:25:5-29:19
MERGED from [com.android.support:support-core-ui:26.1.0] AndroidManifest.xml:25:5-29:19
MERGED from [com.android.support:support-media-compat:26.1.0] AndroidManifest.xml:25:5-29:19
MERGED from [com.android.support:support-media-compat:26.1.0] AndroidManifest.xml:25:5-29:19
MERGED from [com.android.support:support-core-utils:26.1.0] AndroidManifest.xml:25:5-29:19
MERGED from [com.android.support:support-core-utils:26.1.0] AndroidManifest.xml:25:5-29:19
MERGED from [com.android.support:support-compat:26.1.0] AndroidManifest.xml:25:5-29:19
MERGED from [com.android.support:support-compat:26.1.0] AndroidManifest.xml:25:5-29:19
MERGED from [com.taobao.android:weexplugin-loader:1.3] AndroidManifest.xml:9:5-13:19
MERGED from [com.taobao.android:weexplugin-loader:1.3] AndroidManifest.xml:9:5-13:19
MERGED from [android.arch.lifecycle:runtime:1.0.0] AndroidManifest.xml:24:5-28:19
MERGED from [android.arch.lifecycle:runtime:1.0.0] AndroidManifest.xml:24:5-28:19
	android:supportsRtl
		ADDED from src/main/AndroidManifest.xml:21:9-35
	android:label
		ADDED from src/main/AndroidManifest.xml:20:9-41
	tools:overrideLibrary
		ADDED from src/main/AndroidManifest.xml:23:9-60
	android:icon
		ADDED from src/main/AndroidManifest.xml:19:9-43
	android:allowBackup
		ADDED from src/main/AndroidManifest.xml:18:9-36
		REJECTED from [com.instapp.nat:transfer:2.0.0] AndroidManifest.xml:16:9-36
		REJECTED from [com.instapp.nat:modal:2.0.0] AndroidManifest.xml:12:9-36
		REJECTED from [com.taobao.android:weex_inspector:0.13.5-multicontext] AndroidManifest.xml:13:18-45
		REJECTED from [com.instapp.nat:camera:2.0.0] AndroidManifest.xml:16:9-36
		REJECTED from [com.instapp.nat:permission:2.0.1] AndroidManifest.xml:12:9-36
		REJECTED from [com.instapp.nat:device-info:2.0.1] AndroidManifest.xml:12:9-36
		REJECTED from [com.instapp.nat:device-battery:2.0.0] AndroidManifest.xml:12:9-36
		REJECTED from [com.github.LuckSiege.PictureSelector:picture_library:v2.1.7] AndroidManifest.xml:23:9-35
		REJECTED from [com.taobao.android:weexplugin-loader:1.3] AndroidManifest.xml:10:9-36
	android:theme
		ADDED from src/main/AndroidManifest.xml:22:9-40
	tools:replace
		ADDED from src/main/AndroidManifest.xml:24:9-44
	android:name
		ADDED from src/main/AndroidManifest.xml:17:9-50
activity#com.weex.app.SplashActivity
ADDED from src/main/AndroidManifest.xml:42:9-50:20
	android:label
		ADDED from src/main/AndroidManifest.xml:44:13-45
	android:theme
		ADDED from src/main/AndroidManifest.xml:45:13-51
	android:name
		ADDED from src/main/AndroidManifest.xml:43:13-55
intent-filter#action:name:android.intent.action.MAIN+category:name:android.intent.category.LAUNCHER
ADDED from src/main/AndroidManifest.xml:46:13-49:29
action#android.intent.action.MAIN
ADDED from src/main/AndroidManifest.xml:47:17-68
	android:name
		ADDED from src/main/AndroidManifest.xml:47:25-66
category#android.intent.category.LAUNCHER
ADDED from src/main/AndroidManifest.xml:48:17-76
	android:name
		ADDED from src/main/AndroidManifest.xml:48:27-74
activity#com.weex.app.WXPageActivity
ADDED from src/main/AndroidManifest.xml:63:9-67:20
	android:screenOrientation
		ADDED from src/main/AndroidManifest.xml:66:13-49
	android:label
		ADDED from src/main/AndroidManifest.xml:65:13-45
	android:name
		ADDED from src/main/AndroidManifest.xml:64:13-55
activity#com.journeyapps.barcodescanner.CaptureActivity
ADDED from src/main/AndroidManifest.xml:68:9-71:48
MERGED from [com.journeyapps:zxing-android-embedded:3.4.0] AndroidManifest.xml:46:9-52:63
MERGED from [com.journeyapps:zxing-android-embedded:3.4.0] AndroidManifest.xml:46:9-52:63
	android:clearTaskOnLaunch
		ADDED from [com.journeyapps:zxing-android-embedded:3.4.0] AndroidManifest.xml:48:13-45
	android:screenOrientation
		ADDED from src/main/AndroidManifest.xml:70:13-49
		REJECTED from [com.journeyapps:zxing-android-embedded:3.4.0] AndroidManifest.xml:49:13-56
	android:stateNotNeeded
		ADDED from [com.journeyapps:zxing-android-embedded:3.4.0] AndroidManifest.xml:50:13-42
	android:windowSoftInputMode
		ADDED from [com.journeyapps:zxing-android-embedded:3.4.0] AndroidManifest.xml:52:13-60
	android:theme
		ADDED from [com.journeyapps:zxing-android-embedded:3.4.0] AndroidManifest.xml:51:13-54
	tools:replace
		ADDED from src/main/AndroidManifest.xml:71:13-46
	android:name
		ADDED from src/main/AndroidManifest.xml:69:13-74
uses-sdk
INJECTED from src/main/AndroidManifest.xml reason: use-sdk injection requested
INJECTED from src/main/AndroidManifest.xml
INJECTED from src/main/AndroidManifest.xml
MERGED from [org.weex.plugin:imagepicker:0.0.3] AndroidManifest.xml:7:5-9:41
MERGED from [org.weex.plugin:imagepicker:0.0.3] AndroidManifest.xml:7:5-9:41
MERGED from [com.instapp.nat:weex-plugin-camera:1.0.2] AndroidManifest.xml:7:5-9:41
MERGED from [com.instapp.nat:weex-plugin-camera:1.0.2] AndroidManifest.xml:7:5-9:41
MERGED from [com.instapp.nat:weex-plugin-transfer:1.0.0-alpha] AndroidManifest.xml:7:5-9:41
MERGED from [com.instapp.nat:weex-plugin-transfer:1.0.0-alpha] AndroidManifest.xml:7:5-9:41
MERGED from [com.instapp.nat:weex-plugin-device-info:1.0.0-alpha] AndroidManifest.xml:7:5-9:41
MERGED from [com.instapp.nat:weex-plugin-device-info:1.0.0-alpha] AndroidManifest.xml:7:5-9:41
MERGED from [com.instapp.nat:weex-plugin-device-battery:1.0.0-alpha] AndroidManifest.xml:7:5-9:41
MERGED from [com.instapp.nat:weex-plugin-device-battery:1.0.0-alpha] AndroidManifest.xml:7:5-9:41
MERGED from [com.instapp.nat:weex-plugin-modal:1.0.1-alpha] AndroidManifest.xml:7:5-9:41
MERGED from [com.instapp.nat:weex-plugin-modal:1.0.1-alpha] AndroidManifest.xml:7:5-9:41
MERGED from [com.taobao.android:weex_sdk:0.18.0] AndroidManifest.xml:25:5-27:41
MERGED from [com.taobao.android:weex_sdk:0.18.0] AndroidManifest.xml:25:5-27:41
MERGED from [io.github.lizhangqu:coreprogress:1.0.2] AndroidManifest.xml:5:5-7:41
MERGED from [io.github.lizhangqu:coreprogress:1.0.2] AndroidManifest.xml:5:5-7:41
MERGED from [com.instapp.nat:transfer:2.0.0] AndroidManifest.xml:7:5-9:41
MERGED from [com.instapp.nat:transfer:2.0.0] AndroidManifest.xml:7:5-9:41
MERGED from [com.instapp.nat:modal:2.0.0] AndroidManifest.xml:7:5-9:41
MERGED from [com.instapp.nat:modal:2.0.0] AndroidManifest.xml:7:5-9:41
MERGED from [com.yanzhenjie:album:2.0.2] AndroidManifest.xml:20:5-22:41
MERGED from [com.yanzhenjie:album:2.0.2] AndroidManifest.xml:20:5-22:41
MERGED from [com.android.support:design:26.1.0] AndroidManifest.xml:21:5-23:62
MERGED from [com.android.support:design:26.1.0] AndroidManifest.xml:21:5-23:62
MERGED from [com.journeyapps:zxing-android-embedded:3.4.0] AndroidManifest.xml:19:5-43
MERGED from [com.journeyapps:zxing-android-embedded:3.4.0] AndroidManifest.xml:19:5-43
MERGED from [com.android.support:transition:26.1.0] AndroidManifest.xml:20:5-44
MERGED from [com.android.support:transition:26.1.0] AndroidManifest.xml:20:5-44
MERGED from [com.taobao.android:weex_inspector:0.13.5-multicontext] AndroidManifest.xml:8:5-11:60
MERGED from [com.taobao.android:weex_inspector:0.13.5-multicontext] AndroidManifest.xml:8:5-11:60
MERGED from [com.instapp.nat:camera:2.0.0] AndroidManifest.xml:7:5-9:41
MERGED from [com.instapp.nat:camera:2.0.0] AndroidManifest.xml:7:5-9:41
MERGED from [com.instapp.nat:permission:2.0.1] AndroidManifest.xml:7:5-9:41
MERGED from [com.instapp.nat:permission:2.0.1] AndroidManifest.xml:7:5-9:41
MERGED from [com.instapp.nat:device-info:2.0.1] AndroidManifest.xml:7:5-9:41
MERGED from [com.instapp.nat:device-info:2.0.1] AndroidManifest.xml:7:5-9:41
MERGED from [com.instapp.nat:device-battery:2.0.0] AndroidManifest.xml:7:5-9:41
MERGED from [com.instapp.nat:device-battery:2.0.0] AndroidManifest.xml:7:5-9:41
MERGED from [com.yanzhenjie:fragment:1.0.1] AndroidManifest.xml:6:5-8:41
MERGED from [com.yanzhenjie:fragment:1.0.1] AndroidManifest.xml:6:5-8:41
MERGED from [com.github.LuckSiege.PictureSelector:picture_library:v2.1.7] AndroidManifest.xml:7:5-9:41
MERGED from [com.github.LuckSiege.PictureSelector:picture_library:v2.1.7] AndroidManifest.xml:7:5-9:41
MERGED from [com.github.LuckSiege.PictureSelector:ucrop:v2.1.7] AndroidManifest.xml:8:5-10:41
MERGED from [com.github.LuckSiege.PictureSelector:ucrop:v2.1.7] AndroidManifest.xml:8:5-10:41
MERGED from [com.android.support:appcompat-v7:26.1.0] AndroidManifest.xml:21:5-23:78
MERGED from [com.android.support:appcompat-v7:26.1.0] AndroidManifest.xml:21:5-23:78
MERGED from [com.android.support:support-v4:26.1.0] AndroidManifest.xml:21:5-23:54
MERGED from [com.android.support:support-v4:26.1.0] AndroidManifest.xml:21:5-23:54
MERGED from [com.android.support:cardview-v7:26.1.0] AndroidManifest.xml:20:5-44
MERGED from [com.android.support:cardview-v7:26.1.0] AndroidManifest.xml:20:5-44
MERGED from [com.android.support:animated-vector-drawable:26.1.0] AndroidManifest.xml:20:5-44
MERGED from [com.android.support:animated-vector-drawable:26.1.0] AndroidManifest.xml:20:5-44
MERGED from [com.android.support:support-vector-drawable:26.1.0] AndroidManifest.xml:20:5-44
MERGED from [com.android.support:support-vector-drawable:26.1.0] AndroidManifest.xml:20:5-44
MERGED from [com.android.support:support-fragment:26.1.0] AndroidManifest.xml:21:5-23:60
MERGED from [com.android.support:support-fragment:26.1.0] AndroidManifest.xml:21:5-23:60
MERGED from [com.android.support:recyclerview-v7:26.1.0] AndroidManifest.xml:20:5-44
MERGED from [com.android.support:recyclerview-v7:26.1.0] AndroidManifest.xml:20:5-44
MERGED from [com.android.support:support-core-ui:26.1.0] AndroidManifest.xml:21:5-23:58
MERGED from [com.android.support:support-core-ui:26.1.0] AndroidManifest.xml:21:5-23:58
MERGED from [com.android.support:support-media-compat:26.1.0] AndroidManifest.xml:21:5-23:63
MERGED from [com.android.support:support-media-compat:26.1.0] AndroidManifest.xml:21:5-23:63
MERGED from [com.android.support:support-core-utils:26.1.0] AndroidManifest.xml:21:5-23:61
MERGED from [com.android.support:support-core-utils:26.1.0] AndroidManifest.xml:21:5-23:61
MERGED from [com.android.support:support-compat:26.1.0] AndroidManifest.xml:21:5-23:58
MERGED from [com.android.support:support-compat:26.1.0] AndroidManifest.xml:21:5-23:58
MERGED from [com.taobao.android:weexplugin-loader:1.3] AndroidManifest.xml:5:5-7:41
MERGED from [com.taobao.android:weexplugin-loader:1.3] AndroidManifest.xml:5:5-7:41
MERGED from [com.yanzhenjie:mediascanner:1.0.3] AndroidManifest.xml:21:5-23:41
MERGED from [com.yanzhenjie:mediascanner:1.0.3] AndroidManifest.xml:21:5-23:41
MERGED from [com.yanzhenjie:loading:1.0.2] AndroidManifest.xml:21:5-23:41
MERGED from [com.yanzhenjie:loading:1.0.2] AndroidManifest.xml:21:5-23:41
MERGED from [com.yanzhenjie:statusview:1.0.3] AndroidManifest.xml:21:5-23:41
MERGED from [com.yanzhenjie:statusview:1.0.3] AndroidManifest.xml:21:5-23:41
MERGED from [android.arch.lifecycle:runtime:1.0.0] AndroidManifest.xml:20:5-22:41
MERGED from [android.arch.lifecycle:runtime:1.0.0] AndroidManifest.xml:20:5-22:41
MERGED from [io.reactivex.rxjava2:rxandroid:2.0.1] AndroidManifest.xml:19:5-43
MERGED from [io.reactivex.rxjava2:rxandroid:2.0.1] AndroidManifest.xml:19:5-43
INJECTED from src/main/AndroidManifest.xml
INJECTED from src/main/AndroidManifest.xml
	tools:overrideLibrary
		ADDED from [com.android.support:design:26.1.0] AndroidManifest.xml:23:9-59
	android:targetSdkVersion
		INJECTED from src/main/AndroidManifest.xml
		ADDED from src/main/AndroidManifest.xml
		INJECTED from src/main/AndroidManifest.xml
	android:minSdkVersion
		INJECTED from src/main/AndroidManifest.xml
		ADDED from src/main/AndroidManifest.xml
		INJECTED from src/main/AndroidManifest.xml
receiver#com.taobao.weex.WXGlobalEventReceiver
ADDED from [com.taobao.android:weex_sdk:0.18.0] AndroidManifest.xml:30:9-34:20
	android:enabled
		ADDED from [com.taobao.android:weex_sdk:0.18.0] AndroidManifest.xml:32:13-35
	android:exported
		ADDED from [com.taobao.android:weex_sdk:0.18.0] AndroidManifest.xml:33:13-37
	android:name
		ADDED from [com.taobao.android:weex_sdk:0.18.0] AndroidManifest.xml:31:13-65
uses-permission#android.permission.RECORD_AUDIO
ADDED from [com.yanzhenjie:album:2.0.2] AndroidManifest.xml:27:5-71
MERGED from [com.github.LuckSiege.PictureSelector:picture_library:v2.1.7] AndroidManifest.xml:20:5-71
MERGED from [com.github.LuckSiege.PictureSelector:picture_library:v2.1.7] AndroidManifest.xml:20:5-71
	android:name
		ADDED from [com.yanzhenjie:album:2.0.2] AndroidManifest.xml:27:22-68
activity#com.yanzhenjie.album.ui.AlbumActivity
ADDED from [com.yanzhenjie:album:2.0.2] AndroidManifest.xml:30:9-34:75
	android:windowSoftInputMode
		ADDED from [com.yanzhenjie:album:2.0.2] AndroidManifest.xml:34:13-72
	android:configChanges
		ADDED from [com.yanzhenjie:album:2.0.2] AndroidManifest.xml:32:13-74
	android:theme
		ADDED from [com.yanzhenjie:album:2.0.2] AndroidManifest.xml:33:13-56
	android:name
		ADDED from [com.yanzhenjie:album:2.0.2] AndroidManifest.xml:31:13-65
activity#com.yanzhenjie.album.ui.GalleryActivity
ADDED from [com.yanzhenjie:album:2.0.2] AndroidManifest.xml:35:9-39:75
	android:windowSoftInputMode
		ADDED from [com.yanzhenjie:album:2.0.2] AndroidManifest.xml:39:13-72
	android:configChanges
		ADDED from [com.yanzhenjie:album:2.0.2] AndroidManifest.xml:37:13-74
	android:theme
		ADDED from [com.yanzhenjie:album:2.0.2] AndroidManifest.xml:38:13-56
	android:name
		ADDED from [com.yanzhenjie:album:2.0.2] AndroidManifest.xml:36:13-67
activity#com.yanzhenjie.album.ui.GalleryAlbumActivity
ADDED from [com.yanzhenjie:album:2.0.2] AndroidManifest.xml:40:9-44:75
	android:windowSoftInputMode
		ADDED from [com.yanzhenjie:album:2.0.2] AndroidManifest.xml:44:13-72
	android:configChanges
		ADDED from [com.yanzhenjie:album:2.0.2] AndroidManifest.xml:42:13-74
	android:theme
		ADDED from [com.yanzhenjie:album:2.0.2] AndroidManifest.xml:43:13-56
	android:name
		ADDED from [com.yanzhenjie:album:2.0.2] AndroidManifest.xml:41:13-72
activity#com.yanzhenjie.album.ui.CameraActivity
ADDED from [com.yanzhenjie:album:2.0.2] AndroidManifest.xml:45:9-49:75
	android:windowSoftInputMode
		ADDED from [com.yanzhenjie:album:2.0.2] AndroidManifest.xml:49:13-72
	android:configChanges
		ADDED from [com.yanzhenjie:album:2.0.2] AndroidManifest.xml:47:13-74
	android:theme
		ADDED from [com.yanzhenjie:album:2.0.2] AndroidManifest.xml:48:13-61
	android:name
		ADDED from [com.yanzhenjie:album:2.0.2] AndroidManifest.xml:46:13-66
provider#com.yanzhenjie.album.provider.CameraFileProvider
ADDED from [com.yanzhenjie:album:2.0.2] AndroidManifest.xml:51:9-60:20
	android:grantUriPermissions
		ADDED from [com.yanzhenjie:album:2.0.2] AndroidManifest.xml:55:13-47
	android:authorities
		ADDED from [com.yanzhenjie:album:2.0.2] AndroidManifest.xml:53:13-73
	android:multiprocess
		ADDED from [com.yanzhenjie:album:2.0.2] AndroidManifest.xml:56:13-40
	android:exported
		ADDED from [com.yanzhenjie:album:2.0.2] AndroidManifest.xml:54:13-37
	android:name
		ADDED from [com.yanzhenjie:album:2.0.2] AndroidManifest.xml:52:13-76
meta-data#android.support.FILE_PROVIDER_PATHS
ADDED from [com.yanzhenjie:album:2.0.2] AndroidManifest.xml:57:13-59:65
	android:resource
		ADDED from [com.yanzhenjie:album:2.0.2] AndroidManifest.xml:59:17-62
	android:name
		ADDED from [com.yanzhenjie:album:2.0.2] AndroidManifest.xml:58:17-67
meta-data#android.support.VERSION
ADDED from [com.android.support:design:26.1.0] AndroidManifest.xml:26:9-28:38
MERGED from [com.android.support:transition:26.1.0] AndroidManifest.xml:23:9-25:38
MERGED from [com.android.support:transition:26.1.0] AndroidManifest.xml:23:9-25:38
MERGED from [com.android.support:appcompat-v7:26.1.0] AndroidManifest.xml:26:9-28:38
MERGED from [com.android.support:appcompat-v7:26.1.0] AndroidManifest.xml:26:9-28:38
MERGED from [com.android.support:support-v4:26.1.0] AndroidManifest.xml:26:9-28:38
MERGED from [com.android.support:support-v4:26.1.0] AndroidManifest.xml:26:9-28:38
MERGED from [com.android.support:cardview-v7:26.1.0] AndroidManifest.xml:23:9-25:38
MERGED from [com.android.support:cardview-v7:26.1.0] AndroidManifest.xml:23:9-25:38
MERGED from [com.android.support:animated-vector-drawable:26.1.0] AndroidManifest.xml:23:9-25:38
MERGED from [com.android.support:animated-vector-drawable:26.1.0] AndroidManifest.xml:23:9-25:38
MERGED from [com.android.support:support-vector-drawable:26.1.0] AndroidManifest.xml:23:9-25:38
MERGED from [com.android.support:support-vector-drawable:26.1.0] AndroidManifest.xml:23:9-25:38
MERGED from [com.android.support:support-fragment:26.1.0] AndroidManifest.xml:26:9-28:38
MERGED from [com.android.support:support-fragment:26.1.0] AndroidManifest.xml:26:9-28:38
MERGED from [com.android.support:recyclerview-v7:26.1.0] AndroidManifest.xml:23:9-25:38
MERGED from [com.android.support:recyclerview-v7:26.1.0] AndroidManifest.xml:23:9-25:38
MERGED from [com.android.support:support-core-ui:26.1.0] AndroidManifest.xml:26:9-28:38
MERGED from [com.android.support:support-core-ui:26.1.0] AndroidManifest.xml:26:9-28:38
MERGED from [com.android.support:support-media-compat:26.1.0] AndroidManifest.xml:26:9-28:38
MERGED from [com.android.support:support-media-compat:26.1.0] AndroidManifest.xml:26:9-28:38
MERGED from [com.android.support:support-core-utils:26.1.0] AndroidManifest.xml:26:9-28:38
MERGED from [com.android.support:support-core-utils:26.1.0] AndroidManifest.xml:26:9-28:38
MERGED from [com.android.support:support-compat:26.1.0] AndroidManifest.xml:26:9-28:38
MERGED from [com.android.support:support-compat:26.1.0] AndroidManifest.xml:26:9-28:38
	android:value
		ADDED from [com.android.support:design:26.1.0] AndroidManifest.xml:28:13-35
	android:name
		ADDED from [com.android.support:design:26.1.0] AndroidManifest.xml:27:13-51
uses-feature#android.hardware.camera.front
ADDED from [com.journeyapps:zxing-android-embedded:3.4.0] AndroidManifest.xml:27:5-29:36
	android:required
		ADDED from [com.journeyapps:zxing-android-embedded:3.4.0] AndroidManifest.xml:29:9-33
	android:name
		ADDED from [com.journeyapps:zxing-android-embedded:3.4.0] AndroidManifest.xml:28:9-53
uses-feature#android.hardware.camera.flash
ADDED from [com.journeyapps:zxing-android-embedded:3.4.0] AndroidManifest.xml:35:5-37:36
	android:required
		ADDED from [com.journeyapps:zxing-android-embedded:3.4.0] AndroidManifest.xml:37:9-33